{"C:\\Users\\Siddhartha\\Desktop\\jsrepo\\javascript-batch2023\\ecommerce-api\\application.js": {"path":"C:\\Users\\Siddhartha\\Desktop\\jsrepo\\javascript-batch2023\\ecommerce-api\\application.js","statementMap":{"0":{"start":{"line":1,"column":16},"end":{"line":1,"column":34}},"1":{"start":{"line":2,"column":19},"end":{"line":2,"column":41}},"2":{"start":{"line":3,"column":12},"end":{"line":3,"column":21}},"3":{"start":{"line":5,"column":18},"end":{"line":5,"column":47}},"4":{"start":{"line":6,"column":13},"end":{"line":6,"column":30}},"5":{"start":{"line":9,"column":17},"end":{"line":24,"column":1}},"6":{"start":{"line":27,"column":0},"end":{"line":27,"column":27}},"7":{"start":{"line":30,"column":0},"end":{"line":32,"column":3}},"8":{"start":{"line":31,"column":4},"end":{"line":31,"column":53}},"9":{"start":{"line":34,"column":0},"end":{"line":37,"column":3}},"10":{"start":{"line":36,"column":4},"end":{"line":36,"column":24}},"11":{"start":{"line":39,"column":0},"end":{"line":44,"column":3}},"12":{"start":{"line":41,"column":18},"end":{"line":41,"column":68}},"13":{"start":{"line":41,"column":35},"end":{"line":41,"column":67}},"14":{"start":{"line":42,"column":4},"end":{"line":42,"column":61}},"15":{"start":{"line":42,"column":17},"end":{"line":42,"column":61}},"16":{"start":{"line":43,"column":4},"end":{"line":43,"column":23}},"17":{"start":{"line":46,"column":0},"end":{"line":57,"column":3}},"18":{"start":{"line":48,"column":20},"end":{"line":54,"column":5}},"19":{"start":{"line":55,"column":4},"end":{"line":55,"column":27}},"20":{"start":{"line":56,"column":4},"end":{"line":56,"column":45}},"21":{"start":{"line":59,"column":0},"end":{"line":70,"column":4}},"22":{"start":{"line":61,"column":20},"end":{"line":61,"column":76}},"23":{"start":{"line":61,"column":40},"end":{"line":61,"column":75}},"24":{"start":{"line":62,"column":4},"end":{"line":62,"column":61}},"25":{"start":{"line":62,"column":17},"end":{"line":62,"column":61}},"26":{"start":{"line":64,"column":4},"end":{"line":64,"column":35}},"27":{"start":{"line":65,"column":4},"end":{"line":65,"column":35}},"28":{"start":{"line":66,"column":4},"end":{"line":66,"column":47}},"29":{"start":{"line":67,"column":4},"end":{"line":67,"column":41}},"30":{"start":{"line":69,"column":5},"end":{"line":69,"column":24}},"31":{"start":{"line":72,"column":1},"end":{"line":80,"column":3}},"32":{"start":{"line":74,"column":18},"end":{"line":74,"column":68}},"33":{"start":{"line":74,"column":35},"end":{"line":74,"column":67}},"34":{"start":{"line":75,"column":4},"end":{"line":75,"column":61}},"35":{"start":{"line":75,"column":17},"end":{"line":75,"column":61}},"36":{"start":{"line":77,"column":18},"end":{"line":77,"column":43}},"37":{"start":{"line":78,"column":4},"end":{"line":78,"column":29}},"38":{"start":{"line":79,"column":4},"end":{"line":79,"column":23}},"39":{"start":{"line":82,"column":13},"end":{"line":82,"column":37}},"40":{"start":{"line":84,"column":24},"end":{"line":84,"column":51}},"41":{"start":{"line":85,"column":0},"end":{"line":85,"column":72}},"42":{"start":{"line":87,"column":15},"end":{"line":89,"column":2}},"43":{"start":{"line":88,"column":4},"end":{"line":88,"column":69}},"44":{"start":{"line":93,"column":0},"end":{"line":93,"column":24}}},"fnMap":{"0":{"name":"(anonymous_0)","decl":{"start":{"line":30,"column":13},"end":{"line":30,"column":14}},"loc":{"start":{"line":30,"column":26},"end":{"line":32,"column":1}},"line":30},"1":{"name":"(anonymous_1)","decl":{"start":{"line":34,"column":25},"end":{"line":34,"column":26}},"loc":{"start":{"line":34,"column":38},"end":{"line":37,"column":1}},"line":34},"2":{"name":"(anonymous_2)","decl":{"start":{"line":39,"column":29},"end":{"line":39,"column":30}},"loc":{"start":{"line":39,"column":42},"end":{"line":44,"column":1}},"line":39},"3":{"name":"(anonymous_3)","decl":{"start":{"line":41,"column":32},"end":{"line":41,"column":33}},"loc":{"start":{"line":41,"column":35},"end":{"line":41,"column":67}},"line":41},"4":{"name":"(anonymous_4)","decl":{"start":{"line":46,"column":26},"end":{"line":46,"column":27}},"loc":{"start":{"line":46,"column":39},"end":{"line":57,"column":1}},"line":46},"5":{"name":"(anonymous_5)","decl":{"start":{"line":59,"column":29},"end":{"line":59,"column":30}},"loc":{"start":{"line":59,"column":42},"end":{"line":70,"column":2}},"line":59},"6":{"name":"(anonymous_6)","decl":{"start":{"line":61,"column":34},"end":{"line":61,"column":35}},"loc":{"start":{"line":61,"column":40},"end":{"line":61,"column":75}},"line":61},"7":{"name":"(anonymous_7)","decl":{"start":{"line":72,"column":33},"end":{"line":72,"column":34}},"loc":{"start":{"line":72,"column":46},"end":{"line":80,"column":1}},"line":72},"8":{"name":"(anonymous_8)","decl":{"start":{"line":74,"column":32},"end":{"line":74,"column":33}},"loc":{"start":{"line":74,"column":35},"end":{"line":74,"column":67}},"line":74},"9":{"name":"(anonymous_9)","decl":{"start":{"line":87,"column":32},"end":{"line":87,"column":33}},"loc":{"start":{"line":87,"column":36},"end":{"line":89,"column":1}},"line":87}},"branchMap":{"0":{"loc":{"start":{"line":42,"column":4},"end":{"line":42,"column":61}},"type":"if","locations":[{"start":{"line":42,"column":4},"end":{"line":42,"column":61}},{"start":{},"end":{}}],"line":42},"1":{"loc":{"start":{"line":62,"column":4},"end":{"line":62,"column":61}},"type":"if","locations":[{"start":{"line":62,"column":4},"end":{"line":62,"column":61}},{"start":{},"end":{}}],"line":62},"2":{"loc":{"start":{"line":75,"column":4},"end":{"line":75,"column":61}},"type":"if","locations":[{"start":{"line":75,"column":4},"end":{"line":75,"column":61}},{"start":{},"end":{}}],"line":75},"3":{"loc":{"start":{"line":82,"column":13},"end":{"line":82,"column":37}},"type":"binary-expr","locations":[{"start":{"line":82,"column":13},"end":{"line":82,"column":29}},{"start":{"line":82,"column":33},"end":{"line":82,"column":37}}],"line":82}},"s":{"0":1,"1":1,"2":1,"3":1,"4":1,"5":1,"6":1,"7":1,"8":1,"9":1,"10":1,"11":1,"12":2,"13":3,"14":2,"15":1,"16":2,"17":1,"18":1,"19":1,"20":1,"21":1,"22":1,"23":1,"24":1,"25":0,"26":1,"27":1,"28":1,"29":1,"30":1,"31":1,"32":1,"33":1,"34":1,"35":0,"36":1,"37":1,"38":1,"39":1,"40":1,"41":1,"42":1,"43":1,"44":1},"f":{"0":1,"1":1,"2":2,"3":3,"4":1,"5":1,"6":1,"7":1,"8":1,"9":1},"b":{"0":[1,1],"1":[0,1],"2":[0,1],"3":[1,0]},"_coverageSchema":"1a1c01bbd47fc00a2c39e90264f33305004495a9","hash":"17bde3117b289705ece4e799d35de4c673b73d18"}
}
