TN:
SF:application.js
FN:30,(anonymous_0)
FN:34,(anonymous_1)
FN:39,(anonymous_2)
FN:41,(anonymous_3)
FN:46,(anonymous_4)
FN:59,(anonymous_5)
FN:61,(anonymous_6)
FN:72,(anonymous_7)
FN:74,(anonymous_8)
FN:87,(anonymous_9)
FNF:10
FNH:10
FNDA:1,(anonymous_0)
FNDA:1,(anonymous_1)
FNDA:2,(anonymous_2)
FNDA:3,(anonymous_3)
FNDA:1,(anonymous_4)
FNDA:1,(anonymous_5)
FNDA:1,(anonymous_6)
FNDA:1,(anonymous_7)
FNDA:1,(anonymous_8)
FNDA:1,(anonymous_9)
DA:1,1
DA:2,1
DA:3,1
DA:5,1
DA:6,1
DA:9,1
DA:27,1
DA:30,1
DA:31,1
DA:34,1
DA:36,1
DA:39,1
DA:41,3
DA:42,2
DA:43,2
DA:46,1
DA:48,1
DA:55,1
DA:56,1
DA:59,1
DA:61,1
DA:62,1
DA:64,1
DA:65,1
DA:66,1
DA:67,1
DA:69,1
DA:72,1
DA:74,1
DA:75,1
DA:77,1
DA:78,1
DA:79,1
DA:82,1
DA:84,1
DA:85,1
DA:87,1
DA:88,1
DA:93,1
LF:39
LH:39
BRDA:42,0,0,1
BRDA:42,0,1,1
BRDA:62,1,0,0
BRDA:62,1,1,1
BRDA:75,2,0,0
BRDA:75,2,1,1
BRDA:82,3,0,1
BRDA:82,3,1,0
BRF:8
BRH:5
end_of_record
